-1.20
-1.35
-1.47
-2.23
-1.10
-0.18
1.36
2.11
1.42
1.16
1.30
-0.85
-1.90
-2.28
-2.21
-2.47
-1.97
-0.83
-0.60
-1.90
-6.91
-6.44
-4.77
-7.39
-5.59
-5.50
-7.30
-8.37
-12.14
-12.66
-9.59
1.99
2.39
1.66
2.67
4.96
5.68
7.53
8.68
7.64
7.05
7.10
8.93
11.40
7.01
6.40
5.11
3.35
4.65
4.90
4.20
3.73
5.11
4.83
5.43
4.32
5.50
6.24
7.49
7.29
8.02
-0.21
3.34
2.54
2.17
2.11
1.84
1.28
0.11
-0.80
-1.70
-3.36
-6.30
-10.12
-13.57
-15.65
-16.23
-17.57
-18.10
-17.91
-17.59
-17.23
-16.38
-15.12
-14.23
-13.47
-12.72
-12.48
-11.74
-9.77
-6.98
-5.10
-2.26
1.05
3.68
5.13
6.69
7.52
8.62
8.58
7.92
7.96
7.95
8.83
10.20
8.00
6.50
5.22
4.76
5.12
5.93
5.50
4.73
5.34
5.95
6.97
7.35
8.41
8.88
8.43
7.92
8.55
-0.69
4.81
4.80
4.93
5.07
4.72
4.28
3.67
1.25
-0.45
-2.66
-5.09
-7.89
-10.79
-10.51
-13.21
-15.35
-16.80
-17.28
-17.17
-17.94
-16.88
-15.51
-14.25
-13.56
-13.54
-13.58
-11.79
-10.45
-8.29
-5.77
-3.47
0.25
3.66
6.31
7.97
9.12
9.88
9.62
8.71
7.94
7.34
7.73
8.70
7.82
6.58
5.53
5.23
5.28
5.10
4.66
4.43
5.05
6.40
7.90
8.53
8.65
8.78
8.20
7.80
8.28
1.53
4.94
5.82
6.91
7.56
7.70
7.42
6.25
2.91
0.74
-1.74
-3.85
-5.64
-6.67
-7.87
-11.20
-12.95
-14.34
-15.30
-15.89
-18.31
-19.12
-18.59
-17.53
-15.86
-15.02
-14.50
-13.84
-12.17
-9.76
-7.25
-4.54
-1.26
2.79
6.05
8.44
10.40
11.38
11.08
9.72
8.57
7.40
6.68
7.07
6.95
6.04
5.38
5.15
4.79
3.94
3.84
4.83
5.47
6.84
8.54
9.26
8.96
7.92
7.64
7.66
8.17
5.37
4.66
5.57
6.41
7.23
7.34
7.00
5.74
3.97
1.45
-0.28
-2.12
-3.28
-4.76
-9.36
-9.31
-9.73
-10.26
-12.31
-14.65
-16.79
-19.80
-21.00
-21.57
-19.11
-17.78
-16.91
-16.78
-14.01
-10.50
-8.42
-6.15
-2.87
1.41
5.08
7.95
10.09
11.49
11.73
10.46
9.23
8.29
7.01
6.69
6.58
5.42
4.73
4.20
3.66
3.84
4.20
5.69
6.68
7.71
9.15
10.14
10.73
10.32
9.27
8.11
8.94
5.94
4.20
4.52
4.53
4.75
4.66
4.04
3.06
1.84
0.88
0.97
0.99
-0.69
-2.28
-3.53
-4.71
-5.54
-7.34
-10.70
-13.80
-15.62
-18.47
-22.05
-23.82
-22.61
-20.89
-20.05
-18.27
-15.42
-12.36
-9.69
-7.89
-5.26
-1.45
2.72
6.30
8.90
10.59
11.37
10.70
9.42
8.34
6.89
5.79
5.63
4.86
3.64
2.71
2.22
3.28
4.76
6.43
8.14
9.20
10.40
11.53
12.67
13.66
12.76
10.81
7.78
7.04
3.66
2.92
2.54
1.91
1.90
1.57
0.53
-0.47
-0.62
0.12
0.75
-0.44
0.02
1.35
-1.28
-3.52
-6.60
-9.68
-12.09
-13.68
-14.36
-17.86
-18.24
-20.56
-20.20
-20.10
-18.89
-16.80
-14.62
-12.16
-9.90
-7.48
-4.49
-0.79
3.18
6.88
9.78
11.43
11.39
10.48
9.25
7.53
5.54
4.66
3.75
2.08
0.47
0.32
2.05
4.68
6.91
8.84
10.30
11.64
12.98
14.04
15.38
15.20
13.69
8.78
7.23
4.15
2.71
2.04
1.44
0.92
0.46
-0.71
-1.56
-1.82
-1.45
-0.68
-0.17
-0.22
-0.77
-1.94
-2.85
-5.09
-7.82
-9.86
-10.59
-10.21
-11.75
-14.40
-18.01
-18.69
-18.77
-18.60
-17.64
-15.55
-13.48
-11.34
-8.91
-6.55
-3.35
0.06
3.97
7.84
10.90
12.62
12.35
10.96
9.12
7.11
5.50
3.78
1.64
-1.36
-1.06
1.22
4.14
7.31
9.71
11.38
12.73
13.95
14.91
15.39
15.40
14.20
10.30
9.18
5.70
4.51
3.49
2.78
1.81
0.59
-0.40
-1.39
-2.53
-3.19
-2.94
-1.81
-1.53
-1.80
-2.31
-2.44
-3.68
-6.13
-8.05
-8.48
-8.60
-9.63
-13.23
-16.26
-16.77
-16.51
-16.53
-16.34
-15.04
-13.13
-11.36
-9.70
-7.80
-5.29
-2.24
0.73
4.30
7.88
10.89
12.59
12.50
11.09
8.88
6.84
4.63
2.29
-0.74
-1.34
0.68
2.89
6.20
9.65
12.54
14.36
15.40
15.94
15.53
15.22
14.50
13.61
7.27
5.53
5.05
4.34
3.82
2.75
1.10
0.32
-0.09
-0.86
-2.60
-4.95
-5.49
-5.20
-5.16
-5.29
-6.01
-6.54
-6.96
-7.60
-8.49
-9.50
-9.91
-11.34
-12.21
-13.18
-12.69
-13.09
-13.69
-12.84
-11.90
-10.47
-9.18
-7.78
-6.27
-4.07
-1.67
0.93
4.06
7.28
9.87
11.01
10.87
9.46
7.53
5.61
3.43
1.10
-0.57
0.64
2.18
5.57
8.94
12.36
15.09
17.01
17.41
17.04
15.87
15.09
15.56
8.32
5.32
4.32
4.03
3.94
3.04
1.41
0.16
-0.52
-0.90
-1.99
-4.51
-6.86
-8.39
-9.11
-9.79
-10.97
-11.47
-11.50
-11.40
-11.44
-12.29
-12.67
-11.78
-11.07
-11.16
-11.37
-11.09
-11.54
-10.91
-9.56
-8.81
-8.11
-7.30
-5.87
-4.43
-2.62
-1.09
0.91
3.50
6.10
8.16
8.99
8.73
7.62
6.53
4.60
2.50
1.00
1.46
3.55
5.87
8.00
11.13
14.30
16.76
18.25
18.46
17.62
16.41
16.95
7.52
5.83
4.63
3.98
3.48
2.60
1.10
-0.90
-2.61
-4.01
-5.49
-6.74
-8.14
-9.62
-10.57
-11.82
-13.09
-14.23
-14.77
-14.85
-14.58
-14.19
-14.44
-13.26
-11.89
-11.30
-11.65
-10.46
-9.46
-9.69
-7.88
-6.83
-5.89
-6.07
-5.36
-3.92
-2.39
-1.35
-0.80
0.10
2.08
4.70
6.84
7.71
7.27
6.95
6.30
4.41
2.73
2.20
3.96
4.61
6.86
9.67
13.06
15.65
17.72
18.61
18.47
17.77
17.73
7.18
6.08
5.23
4.06
2.87
1.97
0.61
-1.65
-3.99
-6.07
-7.73
-8.98
-10.02
-10.84
-11.50
-12.62
-13.43
-14.14
-14.66
-14.89
-14.98
-14.41
-13.75
-13.89
-12.86
-11.81
-10.88
-10.03
-7.22
-7.21
-7.11
-6.17
-5.27
-4.58
-4.89
-3.74
-1.92
-0.25
0.03
-0.79
-0.28
1.53
3.93
5.89
6.55
6.92
8.10
7.62
5.69
3.82
3.10
4.02
6.18
8.28
11.06
13.74
15.91
17.18
17.66
17.68
17.16
10.37
8.20
6.36
4.64
3.22
2.03
0.61
-1.79
-4.51
-6.82
-8.25
-9.57
-11.30
-11.64
-12.31
-13.42
-13.80
-13.69
-13.58
-13.20
-13.15
-13.09
-12.29
-12.47
-12.30
-10.63
-9.15
-9.40
-6.42
-4.76
-4.73
-5.38
-5.78
-4.73
-4.57
-3.97
-1.93
0.46
1.74
1.21
-0.37
-0.35
1.14
3.37
5.54
7.00
8.94
10.58
9.40
6.78
4.62
4.43
5.43
6.68
8.61
11.24
13.65
15.56
16.70
17.59
13.36
15.22
11.68
9.19
6.89
4.54
2.31
0.74
-1.74
-4.22
-6.78
-8.19
-9.32
-10.75
-12.12
-12.70
-12.95
-13.34
-13.30
-12.74
-12.26
-11.92
-11.94
-11.15
-10.46
-10.69
-9.82
-7.42
-7.38
-6.02
-3.59
-2.16
-2.90
-3.82
-4.19
-3.44
-3.56
-2.02
0.60
3.09
4.52
2.86
0.99
-0.46
0.18
2.09
4.29
6.92
9.34
10.64
9.86
8.57
6.34
5.53
6.21
7.85
10.21
12.52
14.90
16.26
18.74
11.40
15.35
12.68
10.71
8.70
5.41
3.20
0.94
-1.09
-3.10
-5.35
-7.62
-8.91
-9.35
-11.21
-12.61
-12.96
-12.82
-12.90
-12.51
-11.94
-11.06
-10.38
-9.77
-8.68
-7.90
-8.01
-5.96
-4.26
-3.51
-1.34
-0.50
0.13
-0.82
-1.51
-2.04
-1.98
-1.20
0.73
3.31
5.66
6.81
5.30
3.05
0.93
-0.06
1.43
3.86
6.08
8.02
9.50
10.28
10.05
8.54
8.11
9.03
10.84
13.07
15.05
16.06
19.06
15.39
20.59
15.35
12.10
9.39
6.21
3.57
1.36
-0.00
-1.94
-3.22
-6.11
-8.04
-9.21
-10.68
-12.06
-12.84
-12.95
-12.80
-12.53
-11.49
-9.64
-8.18
-6.87
-5.93
-4.90
-4.46
-3.50
-1.61
0.07
1.74
1.84
3.50
2.68
1.46
-0.30
-0.96
-0.54
0.75
2.79
5.05
6.63
7.35
7.23
5.72
3.24
1.99
2.11
3.82
5.48
6.86
8.08
9.24
10.12
9.78
9.81
10.67
12.21
14.40
15.22
21.82
10.36
19.50
15.85
12.68
9.82
7.67
4.56
1.84
0.05
-1.28
-2.42
-4.03
-5.87
-8.19
-10.36
-11.79
-12.36
-12.77
-12.53
-11.86
-10.65
-8.99
-7.05
-4.90
-2.96
-1.47
-0.23
0.61
1.40
2.87
3.73
5.41
4.26
4.32
2.94
1.48
-0.12
-1.06
-0.62
1.24
3.51
5.41
6.46
6.60
7.13
6.41
4.58
2.51
2.33
3.30
4.38
5.67
6.72
7.60
7.66
7.54
7.59
7.96
10.27
12.76
19.46
16.15
19.78
17.39
14.21
10.73
8.27
5.84
3.28
0.16
-1.54
-2.82
-2.28
-4.88
-7.83
-8.97
-10.06
-10.96
-11.57
-11.51
-10.90
-10.00
-9.19
-7.29
-5.05
-2.11
1.03
2.87
4.18
5.26
5.81
6.71
10.20
11.00
11.01
8.61
6.24
3.49
0.36
-1.36
-0.85
0.95
2.58
4.39
3.99
4.12
4.66
3.69
3.46
2.52
2.55
3.29
4.30
4.13
3.83
3.55
2.91
3.37
3.29
6.12
7.72
16.32
-1.39
18.67
16.55
13.85
10.73
8.07
5.89
3.89
2.00
-1.77
-2.24
-3.25
-4.82
-5.53
-5.84
-6.91
-7.94
-8.70
-9.27
-9.74
-10.06
-9.87
-9.55
-7.67
-6.11
-2.11
0.93
3.65
6.53
7.87
10.93
14.43
18.44
18.71
15.96
12.08
8.75
4.69
1.70
-0.58
-0.62
-0.20
0.79
1.37
0.68
-0.03
0.28
1.95
2.71
3.01
2.80
2.76
1.95
1.45
0.69
-0.25
0.51
0.86
1.33
2.47
8.07
0.45
15.42
12.87
10.89
9.41
7.89
6.42
4.96
3.81
1.54
-1.10
-3.98
-3.52
-2.49
-2.50
-3.65
-4.85
-6.25
-7.55
-8.82
-10.40
-11.22
-11.16
-10.08
-7.75
-4.51
-0.58
2.61
6.56
9.66
14.84
18.23
21.74
21.91
20.97
17.36
12.80
10.12
6.19
2.63
0.02
-0.61
-1.15
-1.19
-1.09
-1.83
-1.62
-0.31
1.48
2.29
2.04
1.27
0.70
0.29
-2.03
-3.55
-4.37
-2.53
-3.49
-2.33
0.52
-2.19
13.77
11.92
10.96
10.13
9.10
7.84
6.72
5.71
4.43
0.39
-1.99
-2.99
-3.62
-3.97
-4.07
-5.17
-6.81
-8.44
-10.09
-11.86
-12.98
-12.78
-11.24
-7.52
-3.73
0.31
2.97
7.43
11.36
17.43
21.60
25.56
26.40
27.56
23.39
18.26
15.17
11.38
7.57
3.34
0.51
-0.66
-1.24
-1.40
-1.25
-1.69
-2.24
-0.84
-0.15
-0.26
-1.00
-1.98
-3.02
-4.61
-6.05
-7.18
-7.53
-7.11
-4.90
-3.27
-5.63
12.69
10.87
10.25
9.89
8.69
7.67
6.77
5.88
4.22
1.80
-0.76
-3.03
-5.21
-6.69
-7.04
-8.02
-9.33
-10.80
-12.48
-13.76
-14.23
-13.19
-10.21
-6.01
-1.56
2.77
5.75
9.06
12.50
18.24
22.42
27.11
28.89
28.28
27.03
23.44
17.75
15.37
12.15
7.61
2.77
0.19
-0.72
-1.77
-2.06
-1.73
-3.20
-3.28
-2.81
-3.40
-4.55
-5.46
-7.55
-6.83
-7.90
-8.26
-8.22
-6.78
-4.95
-4.29
-4.83
11.21
10.14
8.79
7.74
6.41
5.35
4.94
3.75
2.39
0.63
-1.34
-3.51
-5.90
-7.83
-8.88
-10.02
-11.42
-12.63
-13.80
-14.17
-13.32
-10.72
-6.72
-2.67
1.77
6.13
9.89
12.15
14.51
18.02
20.81
24.04
26.90
26.19
26.74
24.72
21.32
18.78
14.80
11.04
6.09
2.07
-0.39
-2.05
-2.90
-2.68
-2.76
-3.82
-4.12
-5.76
-7.74
-7.95
-10.10
-9.79
-10.41
-8.73
-6.81
-4.31
-4.40
-5.64
-2.16
9.74
9.00
7.05
5.21
4.32
3.14
2.29
1.91
1.12
0.09
-1.17
-2.79
-4.73
-6.35
-7.83
-9.21
-10.73
-12.14
-12.92
-12.32
-10.35
-7.43
-3.98
-0.41
3.77
8.31
11.78
13.98
16.10
17.81
19.34
20.70
22.44
24.01
24.74
24.45
22.09
18.23
15.52
12.02
8.56
4.54
1.76
-0.17
-1.68
-2.59
-2.92
-4.41
-4.08
-4.41
-6.73
-8.78
-9.79
-9.97
-10.23
-9.54
-7.71
-6.72
-5.11
-8.17
-3.64
7.27
6.09
4.78
3.40
2.92
1.95
0.57
0.64
0.76
0.96
0.63
-0.26
-2.04
-3.62
-5.55
-7.02
-8.61
-10.10
-10.53
-9.39
-7.42
-5.21
-2.73
0.30
3.92
8.10
11.27
13.12
15.06
16.52
17.90
19.29
19.83
20.13
20.76
20.91
18.33
14.01
12.64
13.07
10.30
5.76
3.00
0.85
-1.92
-2.87
-2.58
-5.45
-5.61
-2.53
-4.90
-7.73
-7.68
-8.02
-7.75
-8.75
-8.78
-9.33
-9.28
-12.76
-7.84
5.94
4.16
2.63
1.50
0.72
0.13
-0.37
0.01
1.19
2.03
1.99
0.90
-0.66
-2.23
-3.73
-5.30
-6.96
-7.96
-7.88
-7.13
-5.43
-3.40
-0.96
0.91
3.53
6.50
9.43
11.07
12.25
13.71
15.39
17.21
18.26
18.33
17.60
16.36
15.12
12.85
10.38
11.95
12.50
9.67
6.11
2.50
-0.55
-1.93
-2.55
-4.28
-6.30
-3.80
-2.46
-4.91
-4.56
-4.66
-5.22
-6.39
-7.88
-9.85
-13.29
-15.53
-11.80
4.50
2.24
0.83
-0.41
-1.46
-1.65
-0.79
0.63
2.07
2.78
2.32
1.07
-0.14
-1.90
-3.21
-4.53
-5.51
-5.98
-5.75
-5.40
-4.20
-2.37
-1.04
-0.17
1.38
3.55
6.19
7.90
9.20
10.65
11.81
13.31
14.96
16.12
16.27
15.41
14.38
13.16
10.87
9.71
10.74
10.16
7.65
4.19
2.05
0.79
-0.07
-0.77
-2.89
-2.46
0.96
1.13
-0.76
-2.08
-2.99
-4.36
-6.54
-9.12
-11.29
-16.22
-14.62
1.06
0.38
-0.30
-1.57
-2.66
-3.12
-2.31
-0.57
0.89
1.54
1.43
0.91
-0.06
-1.45
-2.71
-3.61
-4.14
-4.17
-4.21
-4.16
-4.05
-3.71
-3.60
-3.10
-2.07
-0.35
1.81
3.98
5.47
6.65
8.04
9.19
11.40
13.56
15.19
15.65
15.09
14.38
13.18
11.24
10.11
9.23
7.71
6.16
4.98
4.31
4.58
3.90
2.85
2.39
4.40
5.82
3.65
0.60
-2.90
-5.19
-7.78
-10.28
-13.23
-18.83
-12.03
-0.76
-0.54
-0.88
-2.01
-3.14
-3.91
-3.71
-2.46
-1.15
-0.31
0.33
0.40
-0.22
-0.86
-1.50
-1.92
-2.25
-2.45
-2.64
-3.30
-4.10
-4.61
-5.02
-5.11
-4.65
-3.70
-2.47
-0.83
0.58
1.76
3.54
5.56
8.57
11.04
13.01
14.20
14.26
13.83
13.19
12.07
11.09
10.72
10.28
10.25
10.31
9.84
10.44
10.55
10.19
9.02
8.54
8.37
7.15
4.92
0.89
-3.01
-7.87
-11.91
-14.71
-18.27
-11.51
2.55
0.93
-0.08
-1.12
-2.26
-2.98
-2.87
-2.29
-1.69
-0.99
-0.36
-0.11
-0.09
-0.15
-0.47
-0.68
-0.79
-1.57
-2.41
-3.47
-4.57
-5.39
-5.85
-6.14
-6.02
-5.77
-5.57
-5.13
-4.18
-2.75
-1.12
1.22
4.35
6.98
8.75
9.88
10.13
9.65
9.13
8.85
8.90
9.51
10.57
12.50
14.18
15.00
16.43
17.46
17.56
16.43
14.53
12.44
9.77
7.41
3.68
-1.47
-6.50
-11.18
-13.87
-15.50
-12.96
7.31
4.03
2.52
1.15
0.10
-0.61
-1.02
-0.82
-0.54
-0.25
-0.21
0.01
0.44
0.85
0.66
-0.21
-1.42
-2.88
-4.60
-6.10
-7.32
-8.07
-8.00
-7.67
-7.54
-7.71
-8.03
-8.10
-7.77
-6.67
-5.18
-3.18
-0.75
1.63
3.45
4.58
5.04
4.82
4.43
4.45
5.29
6.85
8.71
11.17
14.12
16.83
19.01
20.61
21.15
20.18
17.88
14.92
11.24
8.34
4.49
-1.08
-5.68
-9.75
-12.22
-12.27
-15.57
9.77
6.83
5.31
3.96
2.85
2.07
1.34
1.04
0.95
0.91
1.14
1.39
1.54
1.50
0.61
-1.14
-3.30
-5.52
-7.63
-9.33
-10.35
-10.48
-9.82
-9.09
-9.18
-9.86
-10.53
-10.95
-10.82
-10.09
-8.60
-6.78
-5.01
-3.36
-1.66
-0.11
1.09
1.73
1.94
2.21
3.29
5.16
7.29
9.37
11.78
14.04
15.58
16.77
16.91
16.33
15.52
13.92
11.16
8.23
4.27
-0.36
-4.67
-7.72
-9.21
-8.59
-18.17
12.33
9.30
7.96
6.73
5.62
4.79
4.00
3.12
2.45
1.90
1.77
1.53
0.92
-0.13
-1.82
-3.96
-6.20
-8.35
-10.02
-11.12
-11.58
-11.24
-10.43
-10.05
-10.44
-11.15
-11.93
-12.59
-12.76
-12.31
-11.09
-9.64
-8.43
-7.30
-5.93
-4.22
-2.32
-0.46
1.02
2.11
3.20
4.17
5.17
6.39
7.65
8.72
9.63
10.46
11.03
11.43
11.69
11.04
9.22
6.52
3.19
-0.02
-2.86
-5.08
-6.07
-5.87
-16.94
13.37
11.52
10.54
9.24
7.99
6.99
5.95
4.62
3.34
2.30
1.20
-0.11
-1.69
-3.63
-5.54
-7.42
-9.10
-10.44
-11.25
-11.61
-11.68
-11.64
-11.78
-11.90
-12.00
-12.15
-12.50
-12.90
-13.17
-13.03
-12.40
-11.55
-10.73
-10.00
-9.15
-7.93
-6.22
-4.21
-1.95
0.30
2.26
3.67
4.43
4.82
5.08
5.24
5.28
5.35
6.00
7.20
7.73
7.21
5.97
4.26
2.33
0.65
-0.83
-2.34
-4.08
-4.35
-13.96
14.39
13.68
12.57
11.03
9.26
7.61
6.21
4.69
3.11
1.56
-0.03
-1.90
-3.80
-5.58
-7.14
-8.61
-9.97
-11.08
-11.80
-11.93
-11.89
-12.76
-13.98
-14.92
-15.42
-15.44
-15.25
-15.11
-15.03
-14.85
-14.39
-13.70
-12.96
-12.34
-11.71
-10.95
-9.88
-8.42
-6.47
-4.13
-1.63
0.81
2.86
4.29
5.04
5.34
5.29
5.06
4.98
5.12
5.15
4.75
4.12
3.51
2.89
2.30
1.21
-0.31
-2.27
-3.58
-11.32
15.82
15.04
13.34
10.97
8.59
6.35
4.54
2.98
1.40
0.00
-1.30
-2.68
-4.03
-5.29
-6.33
-7.37
-8.55
-9.85
-10.99
-11.64
-12.34
-13.86
-15.69
-17.47
-18.96
-19.74
-19.70
-19.26
-18.85
-18.42
-17.91
-17.26
-16.44
-15.55
-14.64
-13.68
-12.73
-11.52
-10.00
-8.04
-5.77
-3.42
-1.07
1.17
3.12
4.59
5.45
5.75
5.75
5.56
5.20
4.68
4.13
3.78
3.70
3.42
2.67
1.16
-0.88
-2.79
-10.03
16.25
15.05
13.39
10.29
7.04
4.16
1.76
-0.01
-1.31
-2.18
-2.63
-2.92
-3.38
-4.08
-4.72
-5.26
-6.10
-7.39
-8.88
-10.20
-11.80
-13.85
-16.16
-18.45
-20.42
-21.91
-22.47
-22.15
-21.65
-21.15
-20.64
-20.09
-19.45
-18.64
-17.69
-16.55
-15.29
-13.89
-12.33
-10.56
-8.68
-6.72
-4.68
-2.54
-0.31
1.81
3.56
4.74
5.32
5.49
5.39
5.06
4.56
4.07
3.74
3.41
2.95
1.92
-0.04
-1.80
-8.85
15.67
15.00
13.75
10.94
7.43
4.13
0.86
-1.46
-2.76
-3.56
-3.89
-3.75
-3.37
-3.08
-3.01
-3.03
-3.28
-4.01
-5.42
-7.35
-9.45
-11.62
-13.93
-16.24
-18.31
-20.14
-21.51
-22.28
-22.36
-21.95
-21.39
-20.85
-20.39
-20.02
-19.69
-19.13
-18.21
-16.88
-15.16
-13.20
-11.22
-9.34
-7.45
-5.49
-3.39
-1.18
1.04
3.02
4.50
5.36
5.65
5.55
5.21
4.72
4.29
4.02
3.60
2.57
0.60
-1.02
-8.61
15.82
13.52
12.29
10.12
7.33
4.50
1.54
-1.01
-2.45
-3.29
-3.86
-4.09
-3.78
-3.02
-2.13
-1.43
-1.08
-1.29
-2.24
-3.83
-5.78
-7.92
-10.08
-12.16
-14.26
-16.41
-18.32
-19.85
-20.93
-21.25
-21.00
-20.73
-20.59
-20.49
-20.39
-20.32
-20.15
-19.65
-18.54
-16.80
-14.72
-12.53
-10.37
-8.28
-6.22
-4.14
-2.01
0.12
2.11
3.71
4.72
5.21
5.37
5.30
5.04
4.62
3.86
2.70
0.90
-0.65
-6.82
16.35
12.59
10.87
8.82
6.43
4.12
1.95
-0.19
-1.76
-2.71
-3.32
-3.72
-3.77
-3.31
-2.44
-1.48
-0.79
-0.66
-1.27
-2.67
-4.58
-6.61
-8.59
-10.65
-12.95
-15.31
-17.54
-19.28
-20.43
-21.14
-21.41
-21.41
-21.48
-21.63
-21.63
-21.51
-21.38
-21.12
-20.60
-19.58
-17.98
-15.87
-13.53
-11.19
-8.99
-6.97
-5.09
-3.25
-1.45
0.24
1.64
2.66
3.35
3.77
3.96
3.86
3.36
2.42
1.01
-0.27
-4.79
16.88
14.17
12.65
10.61
7.94
5.12
2.82
1.02
-0.74
-2.20
-3.11
-3.52
-3.58
-3.29
-2.71
-2.04
-1.61
-1.79
-2.91
-4.79
-6.93
-9.22
-11.54
-13.71
-15.89
-18.10
-20.26
-22.05
-23.22
-23.83
-24.10
-24.10
-23.98
-23.83
-23.70
-23.52
-23.20
-22.72
-22.09
-21.21
-19.94
-18.26
-16.13
-13.69
-11.19
-8.94
-7.02
-5.43
-4.06
-2.87
-1.79
-0.86
-0.04
0.71
1.39
1.90
2.09
1.87
1.21
0.40
-1.93
16.46
14.79
13.59
11.71
9.23
6.65
4.27
2.23
0.30
-1.62
-3.12
-3.87
-3.94
-3.53
-2.91
-2.33
-2.14
-2.71
-4.01
-5.81
-7.97
-10.47
-13.02
-15.77
-18.39
-20.80
-22.94
-24.80
-26.17
-26.94
-27.17
-27.00
-26.61
-26.14
-25.67
-25.19
-24.66
-24.13
-23.51
-22.64
-21.46
-19.99
-18.19
-15.99
-13.54
-11.01
-8.69
-6.80
-5.39
-4.39
-3.68
-3.12
-2.60
-2.01
-1.29
-0.47
0.30
0.84
1.02
0.86
0.34
17.84
15.94
14.67
13.01
10.99
8.80
6.57
4.34
2.11
-0.12
-2.12
-3.54
-4.24
-4.24
-3.82
-3.31
-3.15
-3.50
-4.44
-5.96
-7.96
-10.23
-12.56
-15.06
-17.68
-20.55
-23.41
-25.88
-27.74
-28.94
-29.52
-29.55
-29.12
-28.36
-27.43
-26.42
-25.41
-24.41
-23.45
-22.60
-21.75
-20.67
-19.36
-17.80
-15.90
-13.71
-11.39
-9.15
-7.27
-5.89
-5.03
-4.53
-4.16
-3.70
-3.03
-2.19
-1.28
-0.39
0.33
0.72
1.44
17.26
16.11
15.33
14.46
13.31
11.70
9.63
7.36
5.02
2.62
0.37
-1.34
-2.54
-3.42
-4.03
-4.35
-4.58
-4.88
-5.42
-6.41
-7.99
-9.96
-12.19
-14.58
-17.13
-19.66
-22.30
-24.99
-27.31
-28.99
-30.06
-30.62
-30.79
-30.57
-29.91
-28.84
-27.51
-25.99
-24.30
-22.59
-20.99
-19.60
-18.39
-17.29
-16.14
-14.88
-13.37
-11.61
-9.75
-8.02
-6.60
-5.62
-5.07
-4.77
-4.43
-3.91
-3.21
-2.38
-1.47
-0.59
1.52
14.46
13.68
13.16
12.72
12.32
11.80
11.05
9.79
7.91
5.84
3.52
1.35
-0.23
-1.24
-2.06
-3.18
-4.89
-6.77
-8.35
-9.64
-10.83
-12.13
-13.74
-15.64
-17.78
-20.04
-22.30
-24.54
-26.78
-28.83
-30.37
-31.29
-31.62
-31.51
-30.95
-30.01
-28.73
-27.23
-25.47
-23.38
-21.08
-18.79
-16.76
-15.09
-13.79
-12.81
-12.04
-11.29
-10.30
-9.09
-7.77
-6.50
-5.42
-4.65
-4.19
-3.91
-3.67
-3.30
-2.64
-1.60
2.15
15.10
13.85
12.82
11.87
11.04
10.30
9.54
8.68
7.54
6.28
4.77
2.78
0.62
-1.56
-3.74
-5.31
-6.42
-7.73
-9.33
-11.09
-12.78
-14.38
-16.02
-17.70
-19.42
-21.18
-22.98
-24.87
-26.77
-28.61
-30.25
-31.49
-32.09
-32.14
-31.67
-30.64
-29.12
-27.29
-25.22
-22.96
-20.51
-17.91
-15.31
-12.95
-10.97
-9.41
-8.30
-7.69
-7.41
-7.12
-6.63
-5.92
-5.09
-4.25
-3.52
-2.96
-2.56
-2.31
-2.08
-1.74
0.11
15.03
13.21
11.71
10.32
9.00
7.81
6.74
5.67
4.65
3.62
2.66
1.62
0.43
-1.20
-3.30
-5.52
-7.46
-9.28
-11.04
-12.72
-14.34
-15.90
-17.40
-18.89
-20.42
-22.01
-23.66
-25.39
-27.18
-28.95
-30.56
-31.68
-32.19
-32.17
-31.79
-30.95
-29.53
-27.68
-25.50
-23.12
-20.56
-17.86
-15.12
-12.43
-9.95
-7.78
-5.97
-4.59
-3.71
-3.31
-3.24
-3.24
-3.12
-2.84
-2.45
-2.04
-1.63
-1.30
-1.06
-0.90
0.44
15.08
13.32
11.80
10.27
8.75
7.25
5.80
4.42
3.18
2.05
1.02
0.05
-0.90
-1.89
-2.98
-4.23
-5.74
-7.47
-9.28
-11.06
-12.86
-14.67
-16.42
-18.13
-19.87
-21.64
-23.38
-25.23
-27.28
-29.02
-30.23
-30.94
-31.19
-31.02
-30.51
-29.80
-28.77
-27.32
-25.59
-23.59
-21.34
-18.89
-16.32
-13.71
-11.14
-8.72
-6.54
-4.69
-3.23
-2.16
-1.46
-1.08
-0.93
-0.90
-0.94
-0.99
-0.99
-0.95
-0.95
-1.01
-1.28
16.70
14.67
12.93
11.26
9.65
8.11
6.63
5.22
3.86
2.58
1.36
0.20
-0.96
-2.14
-3.36
-4.65
-6.00
-7.42
-8.92
-10.49
-12.10
-13.76
-15.49
-17.34
-19.31
-21.20
-22.90
-24.31
-25.42
-26.27
-26.88
-27.26
-27.41
-27.29
-26.93
-26.39
-25.74
-24.90
-23.84
-22.52
-21.01
-19.23
-17.25
-15.14
-12.98
-10.88
-8.93
-7.21
-5.77
-4.61
-3.71
-3.04
-2.56
-2.22
-2.00
-1.86
-1.79
-1.77
-1.84
-1.97
-2.66
16.11
14.58
13.26
11.92
10.58
9.25
7.92
6.61
5.27
3.92
2.52
1.10
-0.33
-1.79
-3.28
-4.83
-6.43
-8.07
-9.74
-11.44
-13.14
-14.81
-16.40
-17.83
-19.08
-20.15
-21.05
-21.77
-22.33
-22.72
-22.95
-23.03
-23.01
-22.88
-22.63
-22.23
-21.73
-21.16
-20.50
-19.72
-18.80
-17.72
-16.50
-15.17
-13.76
-12.33
-10.99
-9.73
-8.65
-7.72
-6.95
-6.34
-5.85
-5.48
-5.19
-4.97
-4.82
-4.72
-4.69
-4.70
-4.71
12.75
11.56
10.56
9.50
8.42
7.32
6.18
4.99
3.77
2.52
1.22
-0.11
-1.46
-2.84
-4.24
-5.65
-7.08
-8.49
-9.90
-11.25
-12.53
-13.73
-14.82
-15.80
-16.63
-17.32
-17.87
-18.27
-18.55
-18.71
-18.77
-18.75
-18.67
-18.55
-18.37
-18.10
-17.74
-17.30
-16.81
-16.25
-15.60
-14.95
-14.25
-13.52
-12.79
-12.05
-11.37
-10.75
-10.22
-9.76
-9.36
-9.00
-8.68
-8.38
-8.10
-7.83
-7.60
-7.42
-7.33
-7.33
-7.58
9.03
8.23
7.46
6.61
5.70
4.74
3.74
2.71
1.64
0.55
-0.56
-1.69
-2.86
-4.03
-5.20
-6.35
-7.48
-8.58
-9.64
-10.64
-11.58
-12.43
-13.17
-13.81
-14.34
-14.74
-15.04
-15.22
-15.32
-15.34
-15.32
-15.27
-15.20
-15.09
-14.92
-14.69
-14.39
-14.03
-13.61
-13.16
-12.70
-12.26
-11.83
-11.41
-11.02
-10.68
-10.34
-10.09
-9.87
-9.72
-9.61
-9.53
-9.44
-9.34
-9.20
-9.01
-8.81
-8.62
-8.47
-8.41
-8.60
7.69
6.98
6.33
5.61
4.84
4.03
3.19
2.32
1.42
0.50
-0.44
-1.40
-2.36
-3.33
-4.31
-5.29
-6.23
-7.15
-8.04
-8.91
-9.72
-10.49
-11.19
-11.81
-12.34
-12.77
-13.09
-13.31
-13.45
-13.50
-13.49
-13.42
-13.31
-13.16
-12.96
-12.73
-12.46
-12.16
-11.84
-11.53
-11.23
-10.95
-10.72
-10.50
-10.30
-10.12
-9.94
-9.79
-9.65
-9.52
-9.40
-9.31
-9.24
-9.18
-9.13
-9.08
-9.05
-9.06
-9.12
-9.27
-10.12
5.40
5.07
4.70
4.27
3.79
3.27
2.69
2.06
1.39
0.69
-0.06
-0.85
-1.64
-2.47
-3.33
-4.18
-5.04
-5.89
-6.72
-7.53
-8.30
-9.02
-9.68
-10.27
-10.79
-11.23
-11.59
-11.87
-12.06
-12.19
-12.25
-12.25
-12.20
-12.11
-11.99
-11.84
-11.67
-11.49
-11.30
-11.12
-10.96
-10.82
-10.71
-10.62
-10.54
-10.47
-10.38
-10.29
-10.20
-10.12
-10.04
-10.00
-9.98
-9.99
-10.03
-10.08
-10.15
-10.25
-10.37
-10.54
-11.14
3.28
3.07
2.81
2.52
2.20
1.84
1.44
1.01
0.53
0.01
-0.55
-1.13
-1.75
-2.39
-3.06
-3.73
-4.40
-5.07
-5.73
-6.37
-6.98
-7.55
-8.08
-8.56
-8.99
-9.38
-9.70
-9.98
-10.21
-10.39
-10.54
-10.65
-10.74
-10.82
-10.88
-10.93
-10.98
-11.03
-11.07
-11.11
-11.15
-11.19
-11.22
-11.24
-11.25
-11.25
-11.24
-11.22
-11.20
-11.19
-11.20
-11.23
-11.28
-11.34
-11.41
-11.51
-11.61
-11.73
-11.87
-12.04
-12.48
1.56
1.32
1.08
0.83
0.57
0.29
0.00
-0.31
-0.65
-1.00
-1.37
-1.76
-2.17
-2.59
-3.02
-3.45
-3.89
-4.33
-4.76
-5.19
-5.60
-5.99
-6.37
-6.73
-7.07
-7.38
-7.67
-7.94
-8.18
-8.40
-8.61
-8.80
-8.98
-9.16
-9.32
-9.48
-9.65
-9.80
-9.96
-10.11
-10.26
-10.40
-10.55
-10.70
-10.85
-11.01
-11.17
-11.33
-11.50
-11.66
-11.81
-11.95
-12.08
-12.21
-12.33
-12.45
-12.55
-12.66
-12.76
-12.87
-13.14
1.47
1.19
0.95
0.69
0.43
0.16
-0.12
-0.40
-0.69
-0.99
-1.30
-1.61
-1.93
-2.24
-2.57
-2.89
-3.21
-3.54
-3.86
-4.17
-4.49
-4.79
-5.10
-5.39
-5.68
-5.97
-6.24
-6.51
-6.78
-7.04
-7.29
-7.53
-7.77
-8.01
-8.24
-8.48
-8.71
-8.95
-9.19
-9.42
-9.66
-9.89
-10.13
-10.36
-10.58
-10.80
-11.02
-11.23
-11.44
-11.63
-11.82
-12.01
-12.20
-12.38
-12.57
-12.77
-12.99
-13.23
-13.49
-13.75
-14.29
1.34
1.10
0.90
0.69
0.47
0.24
-0.01
-0.26
-0.53
-0.80
-1.07
-1.35
-1.63
-1.91
-2.20
-2.49
-2.79
-3.08
-3.38
-3.68
-3.98
-4.28
-4.58
-4.88
-5.18
-5.48
-5.78
-6.08
-6.37
-6.67
-6.96
-7.25
-7.54
-7.83
-8.11
-8.39
-8.67
-8.94
-9.21
-9.48
-9.74
-9.99
-10.24
-10.48
-10.72
-10.95
-11.17
-11.38
-11.59
-11.78
-11.98
-12.17
-12.35
-12.53
-12.71
-12.89
-13.07
-13.25
-13.44
-13.61
-13.92
0.39
0.15
-0.09
-0.34
-0.58
-0.83
-1.09
-1.35
-1.60
-1.87
-2.13
-2.40
-2.68
-2.95
-3.23
-3.51
-3.79
-4.07
-4.36
-4.64
-4.93
-5.22
-5.51
-5.80
-6.10
-6.39
-6.68
-6.97
-7.26
-7.54
-7.83
-8.11
-8.40
-8.68
-8.95
-9.22
-9.49
-9.75
-10.00
-10.25
-10.48
-10.71
-10.92
-11.13
-11.32
-11.50
-11.67
-11.82
-11.95
-12.07
-12.18
-12.26
-12.34
-12.40
-12.44
-12.46
-12.47
-12.46
-12.43
-12.40
-12.35
