-11.98
-9.12
-6.52
-8.93
-6.78
-8.20
-11.24
-14.51
-15.29
-13.95
-14.34
-14.63
-16.30
-12.99
-10.72
-7.31
-5.48
-2.72
-1.23
-0.19
0.12
1.23
3.94
4.80
5.16
5.81
9.11
10.01
12.06
12.37
11.22
12.55
13.29
14.97
17.16
16.53
15.23
13.23
12.74
11.95
7.06
6.89
6.18
6.36
-0.79
-4.00
-6.27
-7.85
-9.05
-8.40
-5.92
-4.61
-3.69
-4.78
-5.94
-8.01
-11.56
-11.83
-13.27
-15.61
-17.58
-12.23
-15.56
-15.01
-16.08
-16.14
-15.93
-15.22
-13.38
-12.47
-13.63
-12.71
-11.00
-9.28
-8.14
-4.38
-1.11
-0.75
0.09
1.63
2.49
1.74
1.84
3.01
4.34
5.77
7.49
9.33
10.72
11.76
12.79
14.54
15.07
14.07
13.27
13.68
13.62
12.82
12.21
12.23
11.85
9.93
8.89
8.30
7.25
3.76
1.36
-0.55
-1.60
-2.37
-2.55
-3.19
-5.18
-5.93
-6.63
-7.63
-9.32
-12.55
-14.70
-15.86
-17.62
-18.51
-7.25
-16.74
-17.41
-18.55
-18.37
-17.30
-15.45
-12.92
-12.22
-12.90
-12.97
-12.06
-11.04
-10.26
-5.06
-2.11
-2.27
-0.09
2.54
3.13
0.95
1.69
2.99
3.25
4.25
5.84
7.70
9.29
10.04
10.49
12.03
13.60
13.12
11.75
11.74
11.92
11.63
11.35
11.89
12.14
10.94
10.06
9.56
8.19
5.67
3.71
2.21
1.53
0.80
-0.19
-3.57
-6.66
-6.82
-7.05
-8.18
-10.05
-13.47
-16.38
-17.80
-19.20
-18.95
-4.69
-15.14
-16.22
-17.40
-17.41
-16.13
-13.73
-12.48
-12.70
-12.92
-12.90
-12.14
-11.66
-7.76
-5.19
-4.59
-3.09
0.32
3.32
2.43
1.29
2.65
3.64
3.50
2.83
3.46
5.97
6.87
6.22
7.40
8.96
9.80
9.66
9.77
10.57
11.15
11.22
10.99
11.37
11.54
10.78
10.35
10.48
9.25
7.40
5.75
4.61
4.20
2.95
0.63
-3.08
-6.38
-6.95
-6.84
-8.37
-11.31
-14.75
-16.84
-17.40
-17.42
-15.28
-2.48
-12.62
-13.55
-14.55
-14.46
-13.34
-11.83
-11.27
-11.66
-11.96
-11.93
-10.54
-8.81
-8.15
-6.60
-4.22
-1.86
2.03
4.00
1.82
-0.09
2.35
4.47
4.37
3.38
2.66
3.49
3.96
4.00
4.11
5.48
6.42
7.23
8.25
9.34
10.67
11.44
11.14
11.09
11.28
10.70
10.38
10.79
9.85
8.19
7.09
6.78
6.53
4.31
1.08
-2.35
-5.41
-6.08
-5.98
-7.99
-11.50
-15.56
-17.19
-16.56
-15.78
-14.82
-0.83
-9.42
-10.54
-11.19
-11.11
-10.37
-8.81
-7.77
-7.89
-8.61
-8.81
-8.14
-7.97
-9.31
-4.87
0.02
1.40
3.38
2.99
0.86
-0.87
1.79
4.51
6.74
5.56
2.20
2.74
3.88
4.05
2.92
2.99
4.25
5.84
7.24
8.31
9.42
10.47
11.26
11.50
11.28
11.07
10.86
11.23
10.80
9.07
8.06
8.11
7.83
5.68
2.02
-1.09
-3.60
-4.79
-5.08
-7.07
-10.36
-14.04
-16.45
-17.05
-15.31
-11.89
-0.98
-5.99
-7.35
-8.13
-7.67
-6.73
-5.35
-4.32
-4.19
-4.02
-3.92
-4.43
-4.76
-3.87
-1.83
0.25
1.87
2.82
2.53
0.95
-0.54
1.04
4.42
8.04
8.29
5.52
5.18
6.53
5.65
3.47
2.57
2.86
4.58
6.52
7.85
8.89
9.81
10.80
11.75
11.88
11.59
11.53
11.97
11.85
10.72
9.39
9.34
9.15
6.50
3.33
0.54
-1.51
-2.38
-3.14
-5.24
-8.38
-11.50
-13.79
-14.77
-13.57
-9.10
2.18
-2.50
-3.60
-4.26
-3.88
-2.57
-1.28
-0.44
-0.09
0.26
0.42
-0.39
-0.32
0.47
1.24
2.54
3.70
4.36
3.90
2.24
2.57
4.38
7.71
9.70
8.10
6.38
7.26
8.97
7.96
5.38
3.96
3.92
4.82
6.02
7.43
9.00
10.25
11.21
12.05
12.68
12.97
12.77
12.75
12.90
12.45
11.23
10.49
9.74
7.62
5.18
3.03
1.18
0.21
-0.54
-2.48
-5.47
-8.18
-10.37
-11.93
-12.19
-11.78
7.83
1.82
0.57
0.26
0.54
1.57
2.70
3.37
3.77
4.45
5.11
4.65
4.02
4.01
4.81
6.32
7.35
6.79
5.58
5.36
6.27
7.46
7.83
7.86
9.15
10.13
10.75
11.94
11.11
8.67
6.73
6.02
6.15
6.87
7.69
8.91
10.66
11.94
12.85
13.47
13.87
14.21
14.76
14.98
14.23
12.78
11.42
11.07
9.94
7.65
5.84
4.44
3.39
2.48
0.69
-1.92
-4.62
-6.53
-7.53
-8.02
-9.77
13.36
7.40
5.46
4.84
5.01
5.67
6.80
7.64
7.59
7.83
8.81
8.96
8.81
8.62
8.73
9.67
9.78
8.95
8.49
8.69
9.92
10.58
10.26
10.57
11.89
12.91
13.96
14.92
13.79
11.70
10.00
8.89
8.62
8.56
8.86
9.32
10.39
12.06
13.31
14.21
14.87
15.70
16.68
17.14
16.43
14.91
13.30
12.69
12.28
9.85
8.21
8.08
7.81
6.82
4.65
2.01
-0.47
-2.13
-3.22
-3.80
-4.49
15.64
12.66
11.04
10.29
10.09
10.07
11.15
12.36
12.38
11.92
11.48
11.45
12.23
12.35
12.48
12.92
12.93
12.54
12.10
12.19
12.68
13.44
13.31
13.74
15.40
17.29
17.93
17.26
16.67
14.78
12.96
12.39
11.84
11.28
10.74
10.55
10.98
12.06
13.43
14.27
14.76
15.79
17.53
19.27
19.39
17.67
15.85
14.98
14.64
12.61
11.97
12.23
11.36
10.64
9.29
6.95
4.48
2.73
1.55
1.06
1.83
19.07
18.11
17.11
16.62
15.85
15.04
15.64
16.81
16.96
16.40
15.62
15.23
15.62
16.07
16.38
16.59
16.50
16.36
16.38
16.58
16.99
17.23
18.08
19.15
19.68
19.89
20.57
20.72
19.63
18.64
16.94
15.27
14.78
14.57
14.09
13.03
11.84
11.75
12.93
13.80
14.56
15.76
17.49
19.51
21.25
19.70
17.47
17.17
17.67
16.89
15.86
14.58
14.51
14.81
13.59
11.98
10.36
8.80
7.28
6.16
8.85
28.61
25.85
23.97
22.86
21.69
20.48
20.47
21.43
21.82
21.30
20.76
20.62
21.02
21.43
21.44
21.34
21.33
21.31
21.43
21.94
22.56
22.54
22.85
24.11
24.51
24.37
25.07
24.99
23.04
21.98
21.08
19.52
18.00
16.97
16.93
15.73
13.87
12.53
12.19
12.37
13.71
15.33
16.74
18.14
19.81
20.21
18.50
18.36
19.79
20.14
18.80
18.43
18.98
19.09
18.20
16.74
15.58
14.39
13.32
12.11
15.86
36.12
32.81
30.42
28.90
27.78
26.51
25.95
26.51
27.10
27.17
26.96
26.80
27.09
27.48
27.27
27.14
27.17
27.08
27.32
27.65
28.28
28.63
28.50
29.52
30.30
29.83
29.55
30.09
27.74
24.50
23.89
22.76
21.79
20.65
20.12
19.10
16.29
13.62
11.84
11.86
13.13
14.42
15.51
16.46
17.73
18.92
19.02
19.49
21.27
21.85
22.43
23.06
23.20
23.25
22.37
21.37
20.72
20.10
19.35
17.66
21.38
42.07
38.66
36.51
35.52
34.58
33.10
31.99
32.08
32.91
33.51
33.62
33.06
33.96
34.65
33.45
33.26
33.86
33.91
34.05
34.32
34.42
34.49
34.14
34.60
36.18
36.24
34.45
34.70
33.04
29.06
26.73
25.08
25.21
24.71
23.83
22.39
19.45
15.82
13.11
12.06
13.37
15.13
15.41
16.18
16.98
17.66
18.66
19.87
21.33
22.86
24.67
26.83
27.77
27.67
27.41
26.80
26.36
25.89
25.13
24.03
23.38
49.41
46.41
44.17
42.45
40.88
39.90
38.97
38.78
39.41
40.33
40.87
40.40
40.37
40.91
40.93
40.52
40.40
40.65
40.83
40.56
40.36
40.71
40.76
40.73
41.54
42.53
40.65
39.43
38.06
34.16
30.43
27.80
28.13
28.87
27.95
25.84
23.09
19.36
16.25
14.11
14.00
15.44
16.17
16.74
17.40
18.45
19.30
20.38
21.92
23.89
26.28
28.82
31.28
32.80
32.79
32.11
31.97
31.74
30.72
29.91
28.26
56.43
54.18
52.25
49.88
48.54
47.62
46.15
46.16
46.56
46.90
47.56
47.94
47.74
47.30
46.95
47.39
47.66
47.49
47.64
47.71
47.44
46.94
46.50
46.73
47.13
48.19
47.14
45.33
43.27
38.20
33.42
31.00
31.66
32.56
31.66
30.22
27.25
23.17
19.31
17.01
16.95
17.22
17.15
17.86
19.40
20.78
20.51
20.91
22.80
25.38
28.04
30.78
33.60
36.02
37.25
37.35
36.82
35.84
35.22
33.68
39.89
60.79
60.63
59.31
56.97
55.28
54.66
54.20
53.69
53.79
53.69
53.67
54.35
53.98
53.61
53.78
54.06
54.10
53.97
54.37
54.98
54.43
53.50
52.59
51.89
52.10
53.31
52.33
51.11
48.16
40.67
35.96
33.83
33.44
34.86
34.88
34.59
32.36
27.79
23.19
19.53
18.66
19.94
20.06
19.46
20.47
21.55
21.52
21.95
23.03
25.62
29.31
32.96
35.43
37.25
38.52
38.43
38.27
38.33
37.90
35.41
45.18
65.31
65.08
64.64
63.18
61.66
60.55
60.12
60.81
61.20
60.59
60.25
60.01
58.69
58.44
59.04
59.86
60.21
60.31
60.88
61.25
60.56
59.33
57.79
56.60
56.24
57.51
55.88
54.33
49.73
42.21
36.15
34.03
37.48
39.09
39.51
39.12
36.96
33.17
28.32
24.04
22.01
20.58
19.84
20.45
20.99
20.12
19.39
20.56
23.22
27.12
30.96
33.91
35.72
36.95
37.47
36.83
37.30
38.43
39.53
37.69
47.64
72.88
71.46
70.14
68.87
67.88
67.05
65.90
66.39
67.33
68.31
66.30
62.07
62.48
63.51
63.82
64.30
64.78
65.21
65.88
65.70
64.68
63.03
60.90
59.03
56.76
55.90
54.29
53.01
47.71
42.08
39.10
37.63
38.73
40.04
41.27
40.75
39.21
37.16
34.07
29.49
26.40
23.80
21.37
21.68
20.53
19.28
19.44
20.94
24.45
28.67
31.82
33.96
35.83
36.59
37.18
35.70
37.29
37.77
37.02
38.20
39.74
77.99
74.04
71.34
69.83
68.95
67.97
67.35
66.40
69.03
70.73
67.10
65.43
65.99
65.71
65.08
65.86
66.12
65.62
65.25
64.05
61.30
57.79
53.24
49.98
47.54
46.21
44.73
43.66
41.32
39.33
38.21
37.59
38.77
39.92
42.28
42.78
41.77
40.43
38.04
35.01
32.20
28.64
25.03
23.58
22.88
22.69
22.43
23.36
26.02
29.87
32.87
35.11
36.81
36.59
36.61
34.75
34.00
32.49
31.87
33.40
32.99
61.38
62.18
62.34
62.55
62.72
62.88
62.90
63.34
64.96
65.66
65.55
65.45
65.03
62.54
60.90
60.50
59.87
59.10
57.61
55.12
51.86
47.57
43.07
40.12
37.28
36.02
35.10
35.54
34.25
33.70
34.61
35.57
37.67
40.75
41.78
44.52
45.10
42.52
41.27
39.73
37.65
33.58
30.52
29.18
27.29
26.22
26.01
26.52
28.05
30.90
33.26
35.60
34.61
33.03
33.21
31.86
28.74
24.81
24.39
26.99
28.14
48.84
50.82
52.51
53.76
54.50
55.26
56.25
57.25
58.04
58.52
58.73
58.93
58.29
55.79
53.22
51.82
50.97
49.86
47.84
44.89
41.35
37.35
34.16
31.99
29.65
28.22
28.75
29.48
28.28
29.39
30.61
32.69
37.66
39.57
39.40
44.66
47.10
45.47
43.41
42.20
42.38
39.78
36.39
34.38
31.67
29.05
28.92
29.60
29.63
31.36
32.56
33.74
31.67
29.98
29.01
25.61
21.93
20.83
22.50
24.23
25.51
35.48
39.91
43.41
44.40
45.09
46.81
48.19
48.85
49.41
49.77
50.05
50.03
48.96
46.86
44.66
43.22
42.46
41.13
38.66
35.76
33.09
30.67
29.23
28.07
26.13
24.73
25.40
26.28
26.46
27.04
28.89
31.33
33.40
36.25
39.06
42.37
47.18
49.28
45.84
43.68
44.99
44.54
41.84
39.59
36.63
33.04
31.86
32.93
32.33
31.01
31.11
31.16
28.56
26.19
22.92
20.80
19.64
20.02
21.89
22.11
25.74
29.36
32.57
34.82
35.64
36.85
39.28
40.07
39.93
40.12
40.35
40.92
41.13
40.61
39.38
37.68
36.46
36.12
34.82
32.33
30.09
28.55
27.41
26.45
25.37
23.67
23.11
24.37
24.23
24.43
25.42
26.69
29.49
32.28
34.59
37.47
43.01
49.03
49.73
45.94
44.14
46.53
47.59
45.70
44.38
41.68
37.79
35.93
35.75
32.45
29.50
31.16
29.47
25.69
23.27
22.28
21.08
19.63
19.95
21.51
21.85
22.96
25.19
26.47
27.59
28.49
30.03
31.82
32.53
31.99
31.63
32.46
33.59
34.11
33.88
33.08
31.87
31.34
30.86
29.20
27.16
25.68
24.40
22.84
21.60
20.99
20.50
20.34
20.22
20.80
22.37
23.29
25.51
28.67
31.42
34.90
38.66
42.56
46.05
48.19
45.56
43.90
48.15
50.40
50.24
49.33
45.67
40.87
38.27
38.69
34.51
29.20
28.14
26.87
25.03
23.69
22.89
23.22
22.93
23.91
23.53
20.84
23.05
17.68
20.22
21.27
22.47
23.77
24.56
24.63
24.33
24.84
26.50
27.99
27.96
27.56
26.74
25.90
25.57
24.39
22.59
21.13
19.54
17.43
15.93
16.16
16.75
16.79
16.27
16.12
17.23
19.15
21.47
24.93
28.06
30.59
34.22
38.12
41.51
44.40
47.31
48.55
47.03
47.57
51.10
53.62
51.72
48.27
45.18
40.98
39.32
36.73
29.01
24.35
26.33
26.92
26.41
26.93
27.32
27.28
27.61
25.59
24.57
28.29
15.00
15.22
15.83
16.88
17.62
18.16
18.70
19.17
20.23
21.64
21.67
20.85
20.43
19.74
18.76
17.57
16.32
14.95
13.27
11.68
10.35
9.99
10.69
11.19
11.01
10.46
10.50
12.11
15.55
19.46
23.97
27.36
29.41
32.71
36.51
40.63
44.39
47.33
50.10
51.02
51.15
52.34
53.65
52.06
49.66
45.62
41.41
39.10
36.30
31.13
26.79
28.84
32.26
31.13
30.23
30.64
31.01
30.20
31.71
31.35
29.76
11.38
10.83
11.44
12.23
13.26
14.07
13.73
13.18
13.67
13.61
12.63
12.05
11.50
10.70
10.15
9.44
8.16
6.73
5.46
4.39
3.63
3.71
4.29
4.57
4.14
4.13
5.44
8.45
12.62
16.54
20.80
24.06
26.70
30.59
34.74
39.16
43.21
46.58
49.79
52.07
52.35
52.52
52.25
50.32
48.71
45.40
41.77
39.12
36.95
34.44
31.69
31.99
33.61
33.48
34.10
34.12
34.44
34.36
33.91
31.00
26.15
9.10
7.42
7.48
8.05
8.55
7.99
6.62
5.25
4.38
3.67
3.13
2.91
2.63
2.30
1.96
1.14
0.36
-0.49
-1.49
-1.72
-1.39
-0.86
-0.48
-0.58
-0.87
0.09
2.44
5.44
8.81
12.76
16.82
19.98
23.50
27.81
31.95
36.06
40.23
43.70
46.21
47.80
48.24
48.19
47.85
46.97
46.26
44.09
40.91
38.89
38.29
37.62
36.00
35.12
34.60
33.38
35.37
38.10
38.94
36.32
32.80
29.68
26.87
4.83
4.76
4.42
3.77
2.89
1.38
-0.65
-2.71
-3.93
-4.52
-5.02
-5.23
-5.12
-4.97
-4.99
-5.40
-6.07
-6.40
-6.35
-5.93
-5.11
-4.69
-4.69
-4.56
-3.96
-2.44
-0.10
2.80
5.93
9.47
13.06
16.07
19.18
22.85
26.76
30.42
33.74
36.59
38.67
39.70
39.85
40.04
40.22
40.67
40.99
40.30
39.77
39.47
39.36
38.92
37.95
38.23
37.67
35.33
37.48
38.62
37.88
35.39
31.72
28.77
27.14
2.96
1.69
0.49
-1.15
-2.85
-4.65
-6.84
-9.01
-10.18
-10.68
-10.93
-10.40
-9.71
-9.89
-10.19
-10.52
-11.05
-11.24
-11.04
-10.50
-9.85
-9.24
-8.35
-7.08
-5.68
-4.07
-1.84
0.90
3.90
6.84
9.29
11.52
14.05
16.79
19.53
22.25
24.77
26.94
28.52
29.13
29.24
29.88
31.11
32.15
33.14
35.27
37.24
38.65
40.05
39.48
37.96
37.58
36.50
35.40
37.05
37.54
35.69
32.10
29.22
26.82
26.60
-0.47
-3.26
-4.80
-6.49
-8.06
-10.18
-12.00
-13.10
-13.58
-13.92
-13.66
-12.68
-12.55
-13.18
-14.36
-15.48
-15.93
-15.76
-15.18
-14.08
-12.67
-10.94
-9.26
-8.20
-7.32
-5.73
-3.28
-0.57
2.05
4.06
5.28
6.38
7.77
9.45
11.33
13.23
15.06
16.92
18.62
19.62
20.21
21.39
22.96
24.78
27.15
29.64
31.98
34.21
35.33
34.18
32.80
33.18
33.77
34.53
34.50
33.25
31.35
28.60
26.64
25.01
28.12
-7.48
-8.92
-10.10
-11.41
-12.74
-14.16
-15.17
-15.65
-15.97
-15.81
-15.27
-15.43
-16.17
-17.61
-19.09
-19.55
-19.05
-17.93
-16.34
-14.37
-12.31
-10.56
-9.69
-9.51
-8.74
-6.88
-4.39
-1.96
-0.11
0.62
0.47
0.39
1.07
2.40
3.99
5.65
7.38
9.23
10.97
12.42
13.83
15.37
17.03
19.01
21.29
23.54
25.54
26.70
26.60
26.42
27.31
28.57
29.37
29.61
28.96
27.55
26.25
25.47
24.38
23.67
29.10
-11.28
-13.47
-14.30
-14.82
-15.16
-16.29
-17.51
-18.10
-18.19
-18.18
-18.42
-19.19
-20.28
-21.11
-21.28
-20.58
-19.13
-17.20
-15.09
-13.21
-11.77
-11.03
-10.82
-10.34
-9.20
-7.50
-5.64
-4.10
-3.37
-3.56
-4.09
-4.23
-3.66
-2.51
-1.02
0.61
2.32
4.07
5.73
7.27
8.64
10.11
11.92
13.91
15.71
17.28
18.71
19.56
19.73
20.01
21.05
22.29
22.97
23.00
22.42
21.92
22.02
22.41
22.17
21.61
27.35
-14.46
-16.08
-16.38
-16.46
-16.85
-17.91
-18.90
-19.27
-19.31
-19.53
-20.11
-20.82
-21.08
-20.77
-19.99
-18.71
-17.05
-15.38
-14.13
-13.35
-12.86
-12.62
-12.04
-11.01
-9.98
-9.06
-8.37
-8.03
-8.02
-8.13
-8.11
-7.73
-6.97
-5.91
-4.59
-3.00
-1.29
0.56
2.31
3.75
5.15
6.62
8.15
9.75
11.26
12.54
13.56
14.25
14.78
15.45
16.26
17.02
17.43
17.51
17.80
18.53
19.26
19.48
19.61
20.00
22.55
-15.89
-16.59
-16.68
-16.49
-16.82
-17.24
-17.33
-17.59
-17.75
-17.86
-18.20
-18.34
-17.81
-16.94
-16.19
-15.63
-15.27
-14.92
-14.25
-13.42
-13.51
-13.70
-13.00
-12.14
-11.38
-10.82
-10.86
-11.17
-11.47
-11.61
-11.39
-10.78
-9.88
-8.61
-7.02
-5.30
-3.53
-1.71
-0.15
1.22
2.65
4.11
5.54
6.83
7.93
9.00
10.09
11.05
11.73
12.26
12.98
13.89
14.64
15.21
15.86
16.29
16.52
17.06
17.73
18.22
18.60
-15.72
-13.70
-14.38
-14.24
-13.92
-13.44
-13.15
-13.30
-13.40
-13.46
-13.72
-13.88
-13.63
-13.13
-12.77
-12.76
-12.94
-12.67
-11.93
-12.01
-12.92
-12.95
-11.99
-11.19
-10.41
-9.82
-10.11
-11.05
-11.88
-12.29
-12.28
-11.72
-10.71
-9.42
-8.00
-6.55
-4.96
-3.31
-1.93
-0.71
0.43
1.53
2.67
3.73
4.71
5.70
6.72
7.75
8.80
9.85
10.97
12.09
13.06
13.87
14.44
14.75
15.00
15.50
16.20
17.42
16.79
-11.58
-8.45
-8.36
-8.49
-8.68
-8.50
-8.30
-8.45
-8.63
-8.69
-8.80
-9.02
-9.16
-8.98
-8.56
-8.42
-8.55
-8.66
-8.85
-9.22
-9.46
-9.10
-8.39
-7.53
-6.63
-6.36
-6.90
-7.86
-8.88
-9.69
-10.15
-10.32
-10.17
-9.56
-8.56
-7.36
-6.07
-4.88
-3.95
-3.18
-2.34
-1.27
-0.03
1.22
2.38
3.43
4.44
5.52
6.77
8.22
9.80
11.28
12.51
13.50
14.05
14.28
14.66
15.56
16.81
17.92
16.24
-5.13
-3.32
-3.27
-3.35
-3.54
-3.49
-3.25
-3.30
-3.50
-3.67
-3.82
-3.77
-3.65
-3.63
-3.58
-3.49
-3.60
-3.90
-4.26
-4.51
-4.44
-3.97
-3.49
-3.34
-3.55
-4.07
-4.75
-5.50
-6.10
-6.64
-7.33
-8.03
-8.50
-8.74
-8.54
-7.86
-6.93
-5.95
-5.17
-4.46
-3.69
-2.73
-1.57
-0.38
0.84
2.11
3.35
4.50
5.67
7.03
8.61
10.22
11.66
12.86
13.75
14.52
15.41
16.26
16.97
17.51
15.69
5.87
2.23
1.05
0.20
0.52
1.37
1.66
1.69
1.81
1.65
1.35
1.29
1.45
1.61
1.59
1.37
1.12
0.94
0.77
0.47
0.09
-0.26
-0.87
-1.74
-2.61
-3.21
-3.65
-4.25
-4.80
-5.17
-5.64
-6.19
-6.54
-6.56
-6.39
-6.25
-5.94
-5.25
-4.27
-3.42
-2.77
-2.14
-1.50
-0.76
0.18
1.21
2.24
3.35
4.53
5.78
7.19
8.77
10.30
11.64
12.75
13.70
14.54
15.21
15.72
16.07
14.74
7.99
5.61
4.85
4.90
5.83
6.68
6.62
6.43
6.62
6.56
6.29
6.22
6.23
6.02
5.52
4.92
4.43
4.22
4.11
3.85
3.40
2.81
2.15
1.18
0.07
-0.85
-1.46
-1.91
-2.52
-3.18
-3.74
-4.14
-4.25
-3.93
-3.43
-2.93
-2.24
-1.52
-1.00
-0.45
0.23
0.74
0.88
0.83
0.89
1.21
1.88
2.87
3.99
5.17
6.42
7.68
8.85
9.86
10.69
11.47
12.22
12.83
13.32
13.72
12.83
9.79
8.94
8.94
9.47
10.24
10.77
10.93
11.01
11.13
11.13
11.09
10.73
9.76
8.45
7.14
6.12
5.72
6.03
6.73
7.48
7.90
7.69
7.32
6.82
6.08
5.19
4.35
3.47
2.43
1.33
0.40
-0.16
-0.24
0.11
0.72
1.51
2.38
3.09
3.84
4.64
5.01
4.98
4.77
4.34
3.69
3.12
2.95
3.23
3.77
4.54
5.50
6.49
7.40
8.15
8.66
9.07
9.45
9.86
10.38
10.91
12.32
12.86
12.43
12.49
12.81
13.12
13.43
13.84
14.28
14.57
14.75
14.60
13.59
11.87
9.89
8.34
7.83
8.19
9.04
10.09
11.15
11.66
11.67
11.69
11.85
12.01
11.89
11.30
10.20
8.93
7.79
6.92
6.24
5.74
5.54
5.66
6.11
6.80
7.61
8.63
9.57
9.96
9.85
9.46
8.67
7.67
6.66
5.63
4.85
4.57
4.86
5.44
6.03
6.46
6.65
6.69
6.79
6.99
7.33
7.82
8.33
10.36
15.42
15.71
15.82
15.97
16.10
16.41
16.96
17.45
17.75
17.85
17.36
16.16
14.71
13.49
13.00
13.03
13.18
13.43
13.76
14.17
14.60
15.16
15.73
16.14
16.42
16.60
16.63
16.31
15.77
15.02
14.21
13.55
13.09
12.75
12.43
12.24
12.26
12.34
12.40
12.45
12.58
12.72
12.48
12.05
11.62
10.94
10.07
9.11
8.12
7.29
6.78
6.57
6.59
6.58
6.42
6.20
6.06
6.02
6.12
6.50
8.43
19.61
19.66
19.65
19.55
19.45
19.43
19.61
20.24
20.72
20.69
20.72
20.37
19.30
18.36
18.30
18.86
19.37
19.67
19.51
19.00
18.52
18.47
18.84
19.40
20.08
20.88
21.80
22.54
22.66
22.34
21.81
20.82
19.56
18.59
18.13
17.83
17.42
17.10
16.90
16.47
15.65
14.75
14.28
14.28
14.26
14.18
14.12
13.83
13.15
12.18
11.06
9.97
9.08
8.43
8.01
7.73
7.52
7.38
7.65
8.13
9.24
22.81
22.95
22.94
22.90
22.83
22.83
23.04
23.35
23.51
23.36
23.22
23.29
23.82
24.80
25.06
23.56
22.34
22.62
23.28
23.78
24.21
24.58
24.93
25.38
26.01
26.73
27.46
28.14
28.66
28.80
28.40
27.59
26.65
25.89
25.12
23.93
22.36
20.81
19.76
18.94
17.94
16.88
15.98
15.52
15.58
15.84
16.11
16.46
16.62
16.24
15.46
14.45
13.38
12.43
11.72
11.19
10.80
10.67
10.93
11.47
13.51
27.67
27.73
27.65
27.50
27.30
27.07
26.84
26.55
26.30
26.13
26.02
26.00
26.21
26.78
27.65
28.89
30.08
30.56
30.51
30.61
30.86
31.03
31.32
31.91
32.69
33.56
34.36
35.01
35.41
35.46
34.91
33.70
32.08
30.32
28.69
26.93
24.75
22.79
21.31
19.87
18.47
17.32
16.46
15.85
15.54
15.53
15.72
16.10
16.61
17.06
17.24
17.10
16.68
16.14
15.63
15.16
14.77
14.63
14.90
15.54
19.31
31.17
31.56
31.74
31.80
31.75
31.69
31.56
31.47
31.41
31.37
31.46
31.69
32.12
32.69
33.39
34.17
34.95
35.82
36.73
37.55
38.32
39.07
39.76
40.36
40.85
41.18
41.29
41.15
40.61
39.46
37.72
35.65
33.51
31.33
29.24
27.38
25.51
23.68
21.91
20.13
18.52
17.05
15.75
14.67
13.88
13.42
13.30
13.53
14.02
14.65
15.33
15.99
16.56
17.00
17.29
17.47
17.52
17.56
17.77
18.20
22.01
38.59
38.72
38.66
38.56
38.43
38.30
38.23
38.27
38.38
38.56
38.81
39.12
39.56
40.13
40.78
41.49
42.20
42.88
43.54
44.17
44.70
45.13
45.42
45.46
45.14
44.39
43.17
41.63
39.84
37.84
35.79
33.85
32.01
30.20
28.35
26.55
24.93
23.32
21.58
19.78
17.96
16.20
14.55
13.14
12.06
11.40
11.17
11.29
11.69
12.27
12.96
13.67
14.37
15.02
15.61
16.14
16.61
17.08
17.65
18.20
20.60
40.49
41.26
41.67
42.01
42.30
42.60
42.95
43.35
43.74
44.15
44.56
44.93
45.26
45.58
45.91
46.19
46.40
46.54
46.57
46.48
46.14
45.51
44.56
43.29
41.82
40.23
38.56
36.84
35.04
33.26
31.57
30.03
28.68
27.34
25.89
24.32
22.74
21.27
19.81
18.16
16.68
15.46
14.21
13.15
12.29
11.69
11.39
11.37
11.59
11.96
12.43
12.97
13.51
14.03
14.54
15.02
15.51
16.02
16.61
17.24
19.43
36.61
37.86
38.56
39.24
39.86
40.44
40.95
41.38
41.73
42.00
42.22
42.48
42.70
42.83
42.83
42.73
42.52
42.17
41.66
40.97
40.10
39.09
37.99
36.82
35.55
34.21
32.81
31.40
30.04
28.80
27.67
26.61
25.56
24.46
23.31
22.10
20.85
19.57
18.35
17.29
16.40
15.62
14.87
14.29
13.89
13.48
13.29
13.34
13.42
13.58
13.74
13.89
14.01
14.14
14.24
14.35
14.53
14.79
15.21
15.78
17.79
32.13
33.23
33.84
34.42
34.95
35.39
35.74
36.03
36.29
36.48
36.63
36.76
36.79
36.76
36.69
36.41
36.06
35.62
35.10
34.56
33.90
33.16
32.34
31.45
30.49
29.48
28.48
27.48
26.53
25.62
24.76
23.91
23.03
22.10
21.14
20.14
19.15
18.23
17.42
16.74
16.17
15.70
15.34
15.03
14.80
14.67
14.59
14.57
14.58
14.63
14.66
14.66
14.63
14.54
14.38
14.24
14.11
14.03
14.06
14.16
14.79
28.19
28.95
29.38
29.82
30.20
30.54
30.88
31.15
31.33
31.48
31.73
31.80
31.74
31.84
31.84
31.71
31.51
31.22
30.97
30.62
30.14
29.65
29.07
28.38
27.62
26.77
25.86
24.90
23.93
22.95
21.99
21.05
20.14
19.28
18.47
17.72
17.03
16.42
15.91
15.48
15.16
14.93
14.75
14.58
14.46
14.34
14.19
14.07
13.95
13.76
13.58
13.47
13.31
13.11
12.91
12.70
12.49
12.36
12.24
12.14
11.82
24.03
24.62
24.93
25.26
25.64
26.02
26.34
26.65
26.99
27.30
27.53
27.72
27.92
28.07
28.13
28.10
28.01
27.85
27.62
27.29
26.85
26.32
25.70
25.02
24.27
23.45
22.59
21.70
20.80
19.92
19.05
18.23
17.46
16.75
16.10
15.50
14.97
14.52
14.10
13.79
13.52
13.25
13.08
12.93
12.68
12.44
12.16
11.84
11.53
11.20
10.92
10.68
10.46
10.28
10.15
10.04
9.94
9.89
9.84
9.75
9.48
20.93
21.28
21.53
21.82
22.08
22.34
22.61
22.87
23.11
23.31
23.49
23.66
23.79
23.85
23.86
23.81
23.70
23.53
23.29
22.99
22.62
22.18
21.68
21.14
20.56
19.96
19.32
18.67
18.03
17.41
16.80
16.24
15.71
15.20
14.74
14.33
13.93
13.56
13.20
12.84
12.47
12.10
11.72
11.31
10.91
10.52
10.11
9.71
9.37
9.07
8.80
8.57
8.41
8.27
8.14
8.01
7.89
7.78
7.68
7.59
7.44
18.88
18.95
19.00
19.07
19.14
19.23
19.31
19.38
19.43
19.47
19.51
19.54
19.53
19.49
19.43
19.34
19.21
19.05
18.85
18.63
18.36
18.07
17.76
17.43
17.08
16.70
16.31
15.93
15.54
15.15
14.76
14.38
14.01
13.65
13.28
12.92
12.57
12.22
11.85
11.50
11.14
10.79
10.45
10.12
9.80
9.50
9.20
8.89
8.59
8.34
8.10
7.87
7.65
7.42
7.18
6.92
6.62
6.26
5.87
5.48
4.68
15.26
15.40
15.46
15.53
15.59
15.65
15.69
15.71
15.72
15.71
15.69
15.67
15.63
15.58
15.51
15.42
15.32
15.21
15.08
14.93
14.76
14.59
14.41
14.21
14.00
13.78
13.57
13.34
13.10
12.85
12.61
12.35
12.08
11.82
11.55
11.29
11.03
10.77
10.52
10.27
10.01
9.75
9.50
9.26
9.02
8.77
8.51
8.22
7.89
7.55
7.19
6.81
6.40
5.96
5.50
5.03
4.55
4.07
3.58
3.15
2.36
11.54
11.76
11.87
11.99
12.09
12.18
12.25
12.30
12.34
12.36
12.37
12.39
12.39
12.38
12.35
12.31
12.25
12.19
12.12
12.04
11.95
11.86
11.75
11.64
11.51
11.38
11.24
11.10
10.95
10.81
10.66
10.49
10.31
10.13
9.94
9.74
9.55
9.33
9.11
8.87
8.61
8.34
8.06
7.76
7.45
7.12
6.79
6.43
6.06
5.67
5.28
4.88
4.47
4.05
3.63
3.21
2.78
2.36
1.94
1.57
0.90
10.82
10.86
10.90
10.93
10.96
10.98
10.99
11.00
11.01
11.01
11.00
10.99
10.97
10.94
10.91
10.87
10.82
10.77
10.71
10.64
10.56
10.48
10.38
10.28
10.17
10.05
9.92
9.78
9.63
9.47
9.30
9.13
8.94
8.73
8.52
8.29
8.06
7.80
7.54
7.27
6.98
6.69
6.38
6.06
5.73
5.39
5.04
4.68
4.32
3.95
3.57
3.19
2.80
2.42
2.03
1.64
1.25
0.86
0.48
0.10
-0.28
